Determining if the pthread_create exist failed with the following output:
Change Dir: /mnt/Data/te_tools/cpp/build/CMakeFiles/CMakeTmp

Run Build Command:"/usr/bin/make" "cmTC_a7c07/fast"
/usr/bin/make -f CMakeFiles/cmTC_a7c07.dir/build.make CMakeFiles/cmTC_a7c07.dir/build
make[1]: Entering directory '/mnt/Data/te_tools/cpp/build/CMakeFiles/CMakeTmp'
Building C object CMakeFiles/cmTC_a7c07.dir/CheckSymbolExists.c.o
/usr/bin/gcc-8    -o CMakeFiles/cmTC_a7c07.dir/CheckSymbolExists.c.o   -c /mnt/Data/te_tools/cpp/build/CMakeFiles/CMakeTmp/CheckSymbolExists.c
Linking C executable cmTC_a7c07
/usr/bin/cmake -E cmake_link_script CMakeFiles/cmTC_a7c07.dir/link.txt --verbose=1
/usr/bin/gcc-8      -rdynamic CMakeFiles/cmTC_a7c07.dir/CheckSymbolExists.c.o  -o cmTC_a7c07 
/usr/bin/ld: CMakeFiles/cmTC_a7c07.dir/CheckSymbolExists.c.o: in function `main':
CheckSymbolExists.c:(.text+0x1b): undefined reference to `pthread_create'
collect2: error: ld returned 1 exit status
make[1]: *** [CMakeFiles/cmTC_a7c07.dir/build.make:87: cmTC_a7c07] Error 1
make[1]: Leaving directory '/mnt/Data/te_tools/cpp/build/CMakeFiles/CMakeTmp'
make: *** [Makefile:121: cmTC_a7c07/fast] Error 2

File /mnt/Data/te_tools/cpp/build/CMakeFiles/CMakeTmp/CheckSymbolExists.c:
/* */
#include <pthread.h>

int main(int argc, char** argv)
{
  (void)argv;
#ifndef pthread_create
  return ((int*)(&pthread_create))[argc];
#else
  (void)argc;
  return 0;
#endif
}

Determining if the function pthread_create exists in the pthreads failed with the following output:
Change Dir: /mnt/Data/te_tools/cpp/build/CMakeFiles/CMakeTmp

Run Build Command:"/usr/bin/make" "cmTC_e3e6d/fast"
/usr/bin/make -f CMakeFiles/cmTC_e3e6d.dir/build.make CMakeFiles/cmTC_e3e6d.dir/build
make[1]: Entering directory '/mnt/Data/te_tools/cpp/build/CMakeFiles/CMakeTmp'
Building C object CMakeFiles/cmTC_e3e6d.dir/CheckFunctionExists.c.o
/usr/bin/gcc-8   -DCHECK_FUNCTION_EXISTS=pthread_create   -o CMakeFiles/cmTC_e3e6d.dir/CheckFunctionExists.c.o   -c /usr/share/cmake-3.13/Modules/CheckFunctionExists.c
Linking C executable cmTC_e3e6d
/usr/bin/cmake -E cmake_link_script CMakeFiles/cmTC_e3e6d.dir/link.txt --verbose=1
/usr/bin/gcc-8  -DCHECK_FUNCTION_EXISTS=pthread_create    -rdynamic CMakeFiles/cmTC_e3e6d.dir/CheckFunctionExists.c.o  -o cmTC_e3e6d -lpthreads 
/usr/bin/ld: cannot find -lpthreads
collect2: error: ld returned 1 exit status
make[1]: *** [CMakeFiles/cmTC_e3e6d.dir/build.make:87: cmTC_e3e6d] Error 1
make[1]: Leaving directory '/mnt/Data/te_tools/cpp/build/CMakeFiles/CMakeTmp'
make: *** [Makefile:121: cmTC_e3e6d/fast] Error 2


